{"meta": {"format": 3, "version": "7.11.0", "timestamp": "2025-10-26T14:13:48.533194", "branch_coverage": false, "show_contexts": false}, "files": {"apps/api/src/auth.py": {"executed_lines": [1, 2, 3, 4, 5, 6, 8, 9, 10, 11, 13, 15, 28, 32, 33, 34, 35, 37, 38, 39], "summary": {"covered_lines": 20, "num_statements": 44, "percent_covered": 45.45454545454545, "percent_covered_display": "45.45", "missing_lines": 24, "excluded_lines": 0}, "missing_lines": [16, 17, 18, 19, 20, 21, 22, 23, 24, 25, 26, 29, 30, 40, 41, 42, 43, 44, 45, 46, 47, 48, 49, 50], "excluded_lines": [], "functions": {"get_jwks": {"executed_lines": [], "summary": {"covered_lines": 0, "num_statements": 11, "percent_covered": 0.0, "percent_covered_display": "0.00", "missing_lines": 11, "excluded_lines": 0}, "missing_lines": [16, 17, 18, 19, 20, 21, 22, 23, 24, 25, 26], "excluded_lines": []}, "get_kid": {"executed_lines": [], "summary": {"covered_lines": 0, "num_statements": 2, "percent_covered": 0.0, "percent_covered_display": "0.00", "missing_lines": 2, "excluded_lines": 0}, "missing_lines": [29, 30], "excluded_lines": []}, "match_key": {"executed_lines": [33, 34, 35], "summary": {"covered_lines": 3, "num_statements": 3, "percent_covered": 100.0, "percent_covered_display": "100.00", "missing_lines": 0, "excluded_lines": 0}, "missing_lines": [], "excluded_lines": []}, "require_auth": {"executed_lines": [38, 39], "summary": {"covered_lines": 2, "num_statements": 13, "percent_covered": 15.384615384615385, "percent_covered_display": "15.38", "missing_lines": 11, "excluded_lines": 0}, "missing_lines": [40, 41, 42, 43, 44, 45, 46, 47, 48, 49, 50], "excluded_lines": []}, "": {"executed_lines": [1, 2, 3, 4, 5, 6, 8, 9, 10, 11, 13, 15, 28, 32, 37], "summary": {"covered_lines": 15, "num_statements": 15, "percent_covered": 100.0, "percent_covered_display": "100.00", "missing_lines": 0, "excluded_lines": 0}, "missing_lines": [], "excluded_lines": []}}, "classes": {"": {"executed_lines": [1, 2, 3, 4, 5, 6, 8, 9, 10, 11, 13, 15, 28, 32, 33, 34, 35, 37, 38, 39], "summary": {"covered_lines": 20, "num_statements": 44, "percent_covered": 45.45454545454545, "percent_covered_display": "45.45", "missing_lines": 24, "excluded_lines": 0}, "missing_lines": [16, 17, 18, 19, 20, 21, 22, 23, 24, 25, 26, 29, 30, 40, 41, 42, 43, 44, 45, 46, 47, 48, 49, 50], "excluded_lines": []}}}, "apps/api/src/billing.py": {"executed_lines": [1, 2, 3, 4, 6, 7, 9, 15, 16, 17, 19, 20, 21, 22, 23, 24, 25, 26, 27, 28, 29, 30, 44, 45, 46, 47, 49, 50, 51, 52, 53, 54, 55, 56, 57, 58], "summary": {"covered_lines": 36, "num_statements": 40, "percent_covered": 90.0, "percent_covered_display": "90.00", "missing_lines": 4, "excluded_lines": 0}, "missing_lines": [59, 60, 61, 63], "excluded_lines": [], "functions": {"get_plans": {"executed_lines": [17], "summary": {"covered_lines": 1, "num_statements": 1, "percent_covered": 100.0, "percent_covered_display": "100.00", "missing_lines": 0, "excluded_lines": 0}, "missing_lines": [], "excluded_lines": []}, "create_checkout_session": {"executed_lines": [21, 22, 23, 24, 25, 26, 27, 28, 29, 30, 44, 45, 46, 47], "summary": {"covered_lines": 14, "num_statements": 14, "percent_covered": 100.0, "percent_covered_display": "100.00", "missing_lines": 0, "excluded_lines": 0}, "missing_lines": [], "excluded_lines": []}, "stripe_webhook": {"executed_lines": [51, 52, 53, 54, 55, 56, 57, 58], "summary": {"covered_lines": 8, "num_statements": 12, "percent_covered": 66.66666666666667, "percent_covered_display": "66.67", "missing_lines": 4, "excluded_lines": 0}, "missing_lines": [59, 60, 61, 63], "excluded_lines": []}, "": {"executed_lines": [1, 2, 3, 4, 6, 7, 9, 15, 16, 19, 20, 49, 50], "summary": {"covered_lines": 13, "num_statements": 13, "percent_covered": 100.0, "percent_covered_display": "100.00", "missing_lines": 0, "excluded_lines": 0}, "missing_lines": [], "excluded_lines": []}}, "classes": {"": {"executed_lines": [1, 2, 3, 4, 6, 7, 9, 15, 16, 17, 19, 20, 21, 22, 23, 24, 25, 26, 27, 28, 29, 30, 44, 45, 46, 47, 49, 50, 51, 52, 53, 54, 55, 56, 57, 58], "summary": {"covered_lines": 36, "num_statements": 40, "percent_covered": 90.0, "percent_covered_display": "90.00", "missing_lines": 4, "excluded_lines": 0}, "missing_lines": [59, 60, 61, 63], "excluded_lines": []}}}, "apps/api/src/database.py": {"executed_lines": [1, 2, 3, 4, 5, 7, 10, 13, 16, 18, 26, 27, 35], "summary": {"covered_lines": 12, "num_statements": 22, "percent_covered": 54.54545454545455, "percent_covered_display": "54.55", "missing_lines": 10, "excluded_lines": 0}, "missing_lines": [20, 21, 22, 24, 29, 30, 31, 33, 38, 39], "excluded_lines": [], "functions": {"get_db": {"executed_lines": [], "summary": {"covered_lines": 0, "num_statements": 4, "percent_covered": 0.0, "percent_covered_display": "0.00", "missing_lines": 4, "excluded_lines": 0}, "missing_lines": [20, 21, 22, 24], "excluded_lines": []}, "get_db_context": {"executed_lines": [], "summary": {"covered_lines": 0, "num_statements": 4, "percent_covered": 0.0, "percent_covered_display": "0.00", "missing_lines": 4, "excluded_lines": 0}, "missing_lines": [29, 30, 31, 33], "excluded_lines": []}, "init_db": {"executed_lines": [], "summary": {"covered_lines": 0, "num_statements": 2, "percent_covered": 0.0, "percent_covered_display": "0.00", "missing_lines": 2, "excluded_lines": 0}, "missing_lines": [38, 39], "excluded_lines": []}, "": {"executed_lines": [1, 2, 3, 4, 5, 7, 10, 13, 16, 18, 26, 27, 35], "summary": {"covered_lines": 12, "num_statements": 12, "percent_covered": 100.0, "percent_covered_display": "100.00", "missing_lines": 0, "excluded_lines": 0}, "missing_lines": [], "excluded_lines": []}}, "classes": {"": {"executed_lines": [1, 2, 3, 4, 5, 7, 10, 13, 16, 18, 26, 27, 35], "summary": {"covered_lines": 12, "num_statements": 22, "percent_covered": 54.54545454545455, "percent_covered_display": "54.55", "missing_lines": 10, "excluded_lines": 0}, "missing_lines": [20, 21, 22, 24, 29, 30, 31, 33, 38, 39], "excluded_lines": []}}}, "apps/api/src/library.py": {"executed_lines": [1, 2, 3, 4, 5, 6, 7, 8, 9, 10, 11, 12, 14, 15, 19, 20, 21, 22, 23, 25, 28, 29, 30, 31, 32, 33, 35, 38, 39, 40, 41, 42, 43, 44, 45, 46, 47, 48, 50, 53, 54, 55, 56, 57, 58, 59, 62, 63, 64, 65, 66, 67, 70, 71, 72, 75, 76, 77, 80, 81, 82, 85, 86, 87, 88, 89, 92, 93, 96, 97, 101, 116, 138, 139, 205, 206, 249, 250, 269, 270, 319, 320, 349, 350, 382, 383, 435, 436, 454, 455, 494, 495, 531, 532, 561, 562, 580, 581], "summary": {"covered_lines": 97, "num_statements": 255, "percent_covered": 38.03921568627451, "percent_covered_display": "38.04", "missing_lines": 158, "excluded_lines": 0}, "missing_lines": [103, 104, 106, 107, 108, 109, 110, 111, 113, 118, 125, 126, 128, 152, 155, 158, 159, 161, 164, 165, 168, 169, 172, 173, 176, 179, 180, 181, 183, 186, 187, 189, 197, 212, 215, 223, 224, 227, 228, 229, 230, 231, 233, 234, 236, 238, 246, 256, 258, 263, 264, 266, 277, 279, 284, 285, 288, 289, 290, 291, 292, 293, 294, 295, 298, 299, 300, 301, 302, 303, 305, 306, 308, 310, 316, 326, 328, 334, 335, 337, 338, 340, 342, 356, 358, 364, 365, 367, 368, 369, 371, 373, 379, 389, 391, 397, 398, 401, 409, 410, 413, 414, 416, 417, 419, 424, 431, 441, 443, 445, 451, 461, 464, 470, 471, 473, 478, 479, 480, 482, 484, 491, 502, 504, 509, 510, 512, 513, 514, 515, 517, 518, 520, 522, 528, 538, 540, 545, 546, 548, 549, 551, 553, 567, 569, 571, 577, 587, 590, 595, 596, 598, 603, 604, 605, 607, 609, 616], "excluded_lines": [], "functions": {"get_user_account": {"executed_lines": [], "summary": {"covered_lines": 0, "num_statements": 9, "percent_covered": 0.0, "percent_covered_display": "0.00", "missing_lines": 9, "excluded_lines": 0}, "missing_lines": [103, 104, 106, 107, 108, 109, 110, 111, 113], "excluded_lines": []}, "log_audit": {"executed_lines": [], "summary": {"covered_lines": 0, "num_statements": 4, "percent_covered": 0.0, "percent_covered_display": "0.00", "missing_lines": 4, "excluded_lines": 0}, "missing_lines": [118, 125, 126, 128], "excluded_lines": []}, "list_qr_items": {"executed_lines": [], "summary": {"covered_lines": 0, "num_statements": 20, "percent_covered": 0.0, "percent_covered_display": "0.00", "missing_lines": 20, "excluded_lines": 0}, "missing_lines": [152, 155, 158, 159, 161, 164, 165, 168, 169, 172, 173, 176, 179, 180, 181, 183, 186, 187, 189, 197], "excluded_lines": []}, "create_qr_item": {"executed_lines": [], "summary": {"covered_lines": 0, "num_statements": 14, "percent_covered": 0.0, "percent_covered_display": "0.00", "missing_lines": 14, "excluded_lines": 0}, "missing_lines": [212, 215, 223, 224, 227, 228, 229, 230, 231, 233, 234, 236, 238, 246], "excluded_lines": []}, "get_qr_item": {"executed_lines": [], "summary": {"covered_lines": 0, "num_statements": 5, "percent_covered": 0.0, "percent_covered_display": "0.00", "missing_lines": 5, "excluded_lines": 0}, "missing_lines": [256, 258, 263, 264, 266], "excluded_lines": []}, "update_qr_item": {"executed_lines": [], "summary": {"covered_lines": 0, "num_statements": 23, "percent_covered": 0.0, "percent_covered_display": "0.00", "missing_lines": 23, "excluded_lines": 0}, "missing_lines": [277, 279, 284, 285, 288, 289, 290, 291, 292, 293, 294, 295, 298, 299, 300, 301, 302, 303, 305, 306, 308, 310, 316], "excluded_lines": []}, "delete_qr_item": {"executed_lines": [], "summary": {"covered_lines": 0, "num_statements": 8, "percent_covered": 0.0, "percent_covered_display": "0.00", "missing_lines": 8, "excluded_lines": 0}, "missing_lines": [326, 328, 334, 335, 337, 338, 340, 342], "excluded_lines": []}, "restore_qr_item": {"executed_lines": [], "summary": {"covered_lines": 0, "num_statements": 10, "percent_covered": 0.0, "percent_covered_display": "0.00", "missing_lines": 10, "excluded_lines": 0}, "missing_lines": [356, 358, 364, 365, 367, 368, 369, 371, 373, 379], "excluded_lines": []}, "duplicate_qr_item": {"executed_lines": [], "summary": {"covered_lines": 0, "num_statements": 14, "percent_covered": 0.0, "percent_covered_display": "0.00", "missing_lines": 14, "excluded_lines": 0}, "missing_lines": [389, 391, 397, 398, 401, 409, 410, 413, 414, 416, 417, 419, 424, 431], "excluded_lines": []}, "list_folders": {"executed_lines": [], "summary": {"covered_lines": 0, "num_statements": 4, "percent_covered": 0.0, "percent_covered_display": "0.00", "missing_lines": 4, "excluded_lines": 0}, "missing_lines": [441, 443, 445, 451], "excluded_lines": []}, "create_folder": {"executed_lines": [], "summary": {"covered_lines": 0, "num_statements": 11, "percent_covered": 0.0, "percent_covered_display": "0.00", "missing_lines": 11, "excluded_lines": 0}, "missing_lines": [461, 464, 470, 471, 473, 478, 479, 480, 482, 484, 491], "excluded_lines": []}, "update_folder": {"executed_lines": [], "summary": {"covered_lines": 0, "num_statements": 13, "percent_covered": 0.0, "percent_covered_display": "0.00", "missing_lines": 13, "excluded_lines": 0}, "missing_lines": [502, 504, 509, 510, 512, 513, 514, 515, 517, 518, 520, 522, 528], "excluded_lines": []}, "delete_folder": {"executed_lines": [], "summary": {"covered_lines": 0, "num_statements": 8, "percent_covered": 0.0, "percent_covered_display": "0.00", "missing_lines": 8, "excluded_lines": 0}, "missing_lines": [538, 540, 545, 546, 548, 549, 551, 553], "excluded_lines": []}, "list_tags": {"executed_lines": [], "summary": {"covered_lines": 0, "num_statements": 4, "percent_covered": 0.0, "percent_covered_display": "0.00", "missing_lines": 4, "excluded_lines": 0}, "missing_lines": [567, 569, 571, 577], "excluded_lines": []}, "create_tag": {"executed_lines": [], "summary": {"covered_lines": 0, "num_statements": 11, "percent_covered": 0.0, "percent_covered_display": "0.00", "missing_lines": 11, "excluded_lines": 0}, "missing_lines": [587, 590, 595, 596, 598, 603, 604, 605, 607, 609, 616], "excluded_lines": []}, "": {"executed_lines": [1, 2, 3, 4, 5, 6, 7, 8, 9, 10, 11, 12, 14, 15, 19, 20, 21, 22, 23, 25, 28, 29, 30, 31, 32, 33, 35, 38, 39, 40, 41, 42, 43, 44, 45, 46, 47, 48, 50, 53, 54, 55, 56, 57, 58, 59, 62, 63, 64, 65, 66, 67, 70, 71, 72, 75, 76, 77, 80, 81, 82, 85, 86, 87, 88, 89, 92, 93, 96, 97, 101, 116, 138, 139, 205, 206, 249, 250, 269, 270, 319, 320, 349, 350, 382, 383, 435, 436, 454, 455, 494, 495, 531, 532, 561, 562, 580, 581], "summary": {"covered_lines": 97, "num_statements": 97, "percent_covered": 100.0, "percent_covered_display": "100.00", "missing_lines": 0, "excluded_lines": 0}, "missing_lines": [], "excluded_lines": []}}, "classes": {"TagSchema": {"executed_lines": [], "summary": {"covered_lines": 0, "num_statements": 0, "percent_covered": 100.0, "percent_covered_display": "100.00", "missing_lines": 0, "excluded_lines": 0}, "missing_lines": [], "excluded_lines": []}, "FolderSchema": {"executed_lines": [], "summary": {"covered_lines": 0, "num_statements": 0, "percent_covered": 100.0, "percent_covered_display": "100.00", "missing_lines": 0, "excluded_lines": 0}, "missing_lines": [], "excluded_lines": []}, "QRItemSchema": {"executed_lines": [], "summary": {"covered_lines": 0, "num_statements": 0, "percent_covered": 100.0, "percent_covered_display": "100.00", "missing_lines": 0, "excluded_lines": 0}, "missing_lines": [], "excluded_lines": []}, "QRItemCreate": {"executed_lines": [], "summary": {"covered_lines": 0, "num_statements": 0, "percent_covered": 100.0, "percent_covered_display": "100.00", "missing_lines": 0, "excluded_lines": 0}, "missing_lines": [], "excluded_lines": []}, "QRItemUpdate": {"executed_lines": [], "summary": {"covered_lines": 0, "num_statements": 0, "percent_covered": 100.0, "percent_covered_display": "100.00", "missing_lines": 0, "excluded_lines": 0}, "missing_lines": [], "excluded_lines": []}, "FolderCreate": {"executed_lines": [], "summary": {"covered_lines": 0, "num_statements": 0, "percent_covered": 100.0, "percent_covered_display": "100.00", "missing_lines": 0, "excluded_lines": 0}, "missing_lines": [], "excluded_lines": []}, "FolderUpdate": {"executed_lines": [], "summary": {"covered_lines": 0, "num_statements": 0, "percent_covered": 100.0, "percent_covered_display": "100.00", "missing_lines": 0, "excluded_lines": 0}, "missing_lines": [], "excluded_lines": []}, "TagCreate": {"executed_lines": [], "summary": {"covered_lines": 0, "num_statements": 0, "percent_covered": 100.0, "percent_covered_display": "100.00", "missing_lines": 0, "excluded_lines": 0}, "missing_lines": [], "excluded_lines": []}, "QRItemListResponse": {"executed_lines": [], "summary": {"covered_lines": 0, "num_statements": 0, "percent_covered": 100.0, "percent_covered_display": "100.00", "missing_lines": 0, "excluded_lines": 0}, "missing_lines": [], "excluded_lines": []}, "FolderListResponse": {"executed_lines": [], "summary": {"covered_lines": 0, "num_statements": 0, "percent_covered": 100.0, "percent_covered_display": "100.00", "missing_lines": 0, "excluded_lines": 0}, "missing_lines": [], "excluded_lines": []}, "TagListResponse": {"executed_lines": [], "summary": {"covered_lines": 0, "num_statements": 0, "percent_covered": 100.0, "percent_covered_display": "100.00", "missing_lines": 0, "excluded_lines": 0}, "missing_lines": [], "excluded_lines": []}, "": {"executed_lines": [1, 2, 3, 4, 5, 6, 7, 8, 9, 10, 11, 12, 14, 15, 19, 20, 21, 22, 23, 25, 28, 29, 30, 31, 32, 33, 35, 38, 39, 40, 41, 42, 43, 44, 45, 46, 47, 48, 50, 53, 54, 55, 56, 57, 58, 59, 62, 63, 64, 65, 66, 67, 70, 71, 72, 75, 76, 77, 80, 81, 82, 85, 86, 87, 88, 89, 92, 93, 96, 97, 101, 116, 138, 139, 205, 206, 249, 250, 269, 270, 319, 320, 349, 350, 382, 383, 435, 436, 454, 455, 494, 495, 531, 532, 561, 562, 580, 581], "summary": {"covered_lines": 97, "num_statements": 255, "percent_covered": 38.03921568627451, "percent_covered_display": "38.04", "missing_lines": 158, "excluded_lines": 0}, "missing_lines": [103, 104, 106, 107, 108, 109, 110, 111, 113, 118, 125, 126, 128, 152, 155, 158, 159, 161, 164, 165, 168, 169, 172, 173, 176, 179, 180, 181, 183, 186, 187, 189, 197, 212, 215, 223, 224, 227, 228, 229, 230, 231, 233, 234, 236, 238, 246, 256, 258, 263, 264, 266, 277, 279, 284, 285, 288, 289, 290, 291, 292, 293, 294, 295, 298, 299, 300, 301, 302, 303, 305, 306, 308, 310, 316, 326, 328, 334, 335, 337, 338, 340, 342, 356, 358, 364, 365, 367, 368, 369, 371, 373, 379, 389, 391, 397, 398, 401, 409, 410, 413, 414, 416, 417, 419, 424, 431, 441, 443, 445, 451, 461, 464, 470, 471, 473, 478, 479, 480, 482, 484, 491, 502, 504, 509, 510, 512, 513, 514, 515, 517, 518, 520, 522, 528, 538, 540, 545, 546, 548, 549, 551, 553, 567, 569, 571, 577, 587, 590, 595, 596, 598, 603, 604, 605, 607, 609, 616], "excluded_lines": []}}}, "apps/api/src/logging_config.py": {"executed_lines": [1, 2, 4, 5, 6, 7], "summary": {"covered_lines": 6, "num_statements": 6, "percent_covered": 100.0, "percent_covered_display": "100.00", "missing_lines": 0, "excluded_lines": 0}, "missing_lines": [], "excluded_lines": [], "functions": {"setup_logging": {"executed_lines": [5, 6, 7], "summary": {"covered_lines": 3, "num_statements": 3, "percent_covered": 100.0, "percent_covered_display": "100.00", "missing_lines": 0, "excluded_lines": 0}, "missing_lines": [], "excluded_lines": []}, "": {"executed_lines": [1, 2, 4], "summary": {"covered_lines": 3, "num_statements": 3, "percent_covered": 100.0, "percent_covered_display": "100.00", "missing_lines": 0, "excluded_lines": 0}, "missing_lines": [], "excluded_lines": []}}, "classes": {"": {"executed_lines": [1, 2, 4, 5, 6, 7], "summary": {"covered_lines": 6, "num_statements": 6, "percent_covered": 100.0, "percent_covered_display": "100.00", "missing_lines": 0, "excluded_lines": 0}, "missing_lines": [], "excluded_lines": []}}}, "apps/api/src/main.py": {"executed_lines": [1, 2, 3, 4, 5, 6, 7, 8, 10, 13, 14, 29, 30, 32, 33, 34, 35, 37, 38, 41, 42], "summary": {"covered_lines": 21, "num_statements": 29, "percent_covered": 72.41379310344827, "percent_covered_display": "72.41", "missing_lines": 8, "excluded_lines": 0}, "missing_lines": [17, 18, 19, 20, 21, 23, 26, 39], "excluded_lines": [], "functions": {"lifespan": {"executed_lines": [], "summary": {"covered_lines": 0, "num_statements": 7, "percent_covered": 0.0, "percent_covered_display": "0.00", "missing_lines": 7, "excluded_lines": 0}, "missing_lines": [17, 18, 19, 20, 21, 23, 26], "excluded_lines": []}, "health": {"executed_lines": [34, 35], "summary": {"covered_lines": 2, "num_statements": 2, "percent_covered": 100.0, "percent_covered_display": "100.00", "missing_lines": 0, "excluded_lines": 0}, "missing_lines": [], "excluded_lines": []}, "secure_ping": {"executed_lines": [], "summary": {"covered_lines": 0, "num_statements": 1, "percent_covered": 0.0, "percent_covered_display": "0.00", "missing_lines": 1, "excluded_lines": 0}, "missing_lines": [39], "excluded_lines": []}, "": {"executed_lines": [1, 2, 3, 4, 5, 6, 7, 8, 10, 13, 14, 29, 30, 32, 33, 37, 38, 41, 42], "summary": {"covered_lines": 19, "num_statements": 19, "percent_covered": 100.0, "percent_covered_display": "100.00", "missing_lines": 0, "excluded_lines": 0}, "missing_lines": [], "excluded_lines": []}}, "classes": {"": {"executed_lines": [1, 2, 3, 4, 5, 6, 7, 8, 10, 13, 14, 29, 30, 32, 33, 34, 35, 37, 38, 41, 42], "summary": {"covered_lines": 21, "num_statements": 29, "percent_covered": 72.41379310344827, "percent_covered_display": "72.41", "missing_lines": 8, "excluded_lines": 0}, "missing_lines": [17, 18, 19, 20, 21, 23, 26, 39], "excluded_lines": []}}}, "apps/api/src/models.py": {"executed_lines": [1, 2, 3, 4, 5, 6, 7, 8, 11, 12, 13, 15, 16, 17, 18, 19, 20, 23, 24, 25, 28, 29, 30, 32, 33, 34, 35, 36, 37, 38, 39, 40, 41, 44, 52, 53, 54, 57, 58, 59, 61, 62, 63, 64, 65, 66, 69, 75, 76, 77, 80, 81, 82, 84, 85, 86, 87, 88, 91, 97, 98, 101, 102, 103, 105, 106, 107, 110, 111, 112, 114, 115, 116, 117, 118, 119, 120, 123], "summary": {"covered_lines": 71, "num_statements": 71, "percent_covered": 100.0, "percent_covered_display": "100.00", "missing_lines": 0, "excluded_lines": 0}, "missing_lines": [], "excluded_lines": [], "functions": {"": {"executed_lines": [1, 2, 3, 4, 5, 6, 7, 8, 11, 12, 13, 15, 16, 17, 18, 19, 20, 23, 24, 25, 28, 29, 30, 32, 33, 34, 35, 36, 37, 38, 39, 40, 41, 44, 52, 53, 54, 57, 58, 59, 61, 62, 63, 64, 65, 66, 69, 75, 76, 77, 80, 81, 82, 84, 85, 86, 87, 88, 91, 97, 98, 101, 102, 103, 105, 106, 107, 110, 111, 112, 114, 115, 116, 117, 118, 119, 120, 123], "summary": {"covered_lines": 71, "num_statements": 71, "percent_covered": 100.0, "percent_covered_display": "100.00", "missing_lines": 0, "excluded_lines": 0}, "missing_lines": [], "excluded_lines": []}}, "classes": {"Account": {"executed_lines": [], "summary": {"covered_lines": 0, "num_statements": 0, "percent_covered": 100.0, "percent_covered_display": "100.00", "missing_lines": 0, "excluded_lines": 0}, "missing_lines": [], "excluded_lines": []}, "QRItem": {"executed_lines": [], "summary": {"covered_lines": 0, "num_statements": 0, "percent_covered": 100.0, "percent_covered_display": "100.00", "missing_lines": 0, "excluded_lines": 0}, "missing_lines": [], "excluded_lines": []}, "Folder": {"executed_lines": [], "summary": {"covered_lines": 0, "num_statements": 0, "percent_covered": 100.0, "percent_covered_display": "100.00", "missing_lines": 0, "excluded_lines": 0}, "missing_lines": [], "excluded_lines": []}, "Tag": {"executed_lines": [], "summary": {"covered_lines": 0, "num_statements": 0, "percent_covered": 100.0, "percent_covered_display": "100.00", "missing_lines": 0, "excluded_lines": 0}, "missing_lines": [], "excluded_lines": []}, "QRItemTag": {"executed_lines": [], "summary": {"covered_lines": 0, "num_statements": 0, "percent_covered": 100.0, "percent_covered_display": "100.00", "missing_lines": 0, "excluded_lines": 0}, "missing_lines": [], "excluded_lines": []}, "AuditLog": {"executed_lines": [], "summary": {"covered_lines": 0, "num_statements": 0, "percent_covered": 100.0, "percent_covered_display": "100.00", "missing_lines": 0, "excluded_lines": 0}, "missing_lines": [], "excluded_lines": []}, "": {"executed_lines": [1, 2, 3, 4, 5, 6, 7, 8, 11, 12, 13, 15, 16, 17, 18, 19, 20, 23, 24, 25, 28, 29, 30, 32, 33, 34, 35, 36, 37, 38, 39, 40, 41, 44, 52, 53, 54, 57, 58, 59, 61, 62, 63, 64, 65, 66, 69, 75, 76, 77, 80, 81, 82, 84, 85, 86, 87, 88, 91, 97, 98, 101, 102, 103, 105, 106, 107, 110, 111, 112, 114, 115, 116, 117, 118, 119, 120, 123], "summary": {"covered_lines": 71, "num_statements": 71, "percent_covered": 100.0, "percent_covered_display": "100.00", "missing_lines": 0, "excluded_lines": 0}, "missing_lines": [], "excluded_lines": []}}}}, "totals": {"covered_lines": 263, "num_statements": 467, "percent_covered": 56.316916488222695, "percent_covered_display": "56.32", "missing_lines": 204, "excluded_lines": 0}}